This file contains any messages produced by compilers while
running configure, to aid debugging if configure makes a mistake.

It was created by FreeType configure 2.10, which was
generated by GNU Autoconf 2.69.  Invocation command line was

  $ ./configure --host=arm-linux-androideabi --prefix=/freetype --without-zlib --without-bzip2 --without-png --without-harfbuzz

## --------- ##
## Platform. ##
## --------- ##

hostname = localhost.localdomain
uname -m = x86_64
uname -r = 5.3.11-100.fc29.x86_64
uname -s = Linux
uname -v = #1 SMP Tue Nov 12 20:41:25 UTC 2019

/usr/bin/uname -p = x86_64
/bin/uname -X     = unknown

/bin/arch              = x86_64
/usr/bin/arch -k       = unknown
/usr/convex/getsysinfo = unknown
/usr/bin/hostinfo      = unknown
/bin/machine           = unknown
/usr/bin/oslevel       = unknown
/bin/universe          = unknown

PATH: /home/tom/projects/external/android-ndk-16/bin
PATH: /home/tom/.local/bin
PATH: /home/tom/bin
PATH: /home/tom/.local/bin
PATH: /home/tom/bin
PATH: /usr/local/bin
PATH: /usr/bin
PATH: /bin
PATH: /usr/local/sbin
PATH: /usr/sbin
PATH: /home/tom/projects/general/tdp_tools/scripts


## ----------- ##
## Core tests. ##
## ----------- ##

configure:2547: checking build system type
configure:2561: result: x86_64-pc-linux-gnu
configure:2581: checking host system type
configure:2594: result: arm-unknown-linux-androideabi
configure:2626: checking for arm-linux-androideabi-gcc
configure:2642: found /home/tom/projects/external/android-ndk-16/bin/arm-linux-androideabi-gcc
configure:2653: result: arm-linux-androideabi-gcc
configure:2922: checking for C compiler version
configure:2931: arm-linux-androideabi-gcc --version >&5
Android (5900059 based on r365631c) clang version 9.0.8 (https://android.googlesource.com/toolchain/llvm-project 207d7abc1a2abf3ef8d4301736d6a7ebc224a290) (based on LLVM 9.0.8svn)
Target: armv7a-unknown-linux-android16
Thread model: posix
InstalledDir: /home/tom/projects/external/android-ndk-16/bin
configure:2942: $? = 0
configure:2931: arm-linux-androideabi-gcc -v >&5
Android (5900059 based on r365631c) clang version 9.0.8 (https://android.googlesource.com/toolchain/llvm-project 207d7abc1a2abf3ef8d4301736d6a7ebc224a290) (based on LLVM 9.0.8svn)
Target: armv7a-unknown-linux-android16
Thread model: posix
InstalledDir: /home/tom/projects/external/android-ndk-16/bin
Found candidate GCC installation: /home/tom/projects/external/android-ndk-16/bin/../lib/gcc/arm-linux-androideabi/4.9.x
Selected GCC installation: /home/tom/projects/external/android-ndk-16/bin/../lib/gcc/arm-linux-androideabi/4.9.x
Candidate multilib: thumb;@mthumb
Candidate multilib: armv7-a;@march=armv7-a
Candidate multilib: armv7-a/thumb;@march=armv7-a@mthumb
Candidate multilib: .;
... rest of stderr output deleted ...
configure:2942: $? = 0
configure:2931: arm-linux-androideabi-gcc -V >&5
clang90: error: argument to '-V' is missing (expected 1 value)
clang90: error: no input files
configure:2942: $? = 1
configure:2931: arm-linux-androideabi-gcc -qversion >&5
clang90: error: unknown argument '-qversion'; did you mean '--version'?
clang90: error: no input files
configure:2942: $? = 1
configure:2962: checking whether the C compiler works
configure:2984: arm-linux-androideabi-gcc -std=gnu99 -fPIE -fPIC  -pie conftest.c  >&5
configure:2988: $? = 0
configure:3036: result: yes
configure:3039: checking for C compiler default output file name
configure:3041: result: a.out
configure:3047: checking for suffix of executables
configure:3054: arm-linux-androideabi-gcc -o conftest -std=gnu99 -fPIE -fPIC  -pie conftest.c  >&5
configure:3058: $? = 0
configure:3080: result: 
configure:3102: checking whether we are cross compiling
configure:3110: arm-linux-androideabi-gcc -o conftest -std=gnu99 -fPIE -fPIC  -pie conftest.c  >&5
configure:3114: $? = 0
configure:3121: ./conftest
./configure: line 3123: ./conftest: cannot execute binary file: Exec format error
configure:3125: $? = 126
configure:3140: result: yes
configure:3145: checking for suffix of object files
configure:3167: arm-linux-androideabi-gcc -c -std=gnu99 -fPIE -fPIC  conftest.c >&5
configure:3171: $? = 0
configure:3192: result: o
configure:3196: checking whether we are using the GNU C compiler
configure:3215: arm-linux-androideabi-gcc -c -std=gnu99 -fPIE -fPIC  conftest.c >&5
configure:3215: $? = 0
configure:3224: result: yes
configure:3233: checking whether arm-linux-androideabi-gcc accepts -g
configure:3253: arm-linux-androideabi-gcc -c -g  conftest.c >&5
configure:3253: $? = 0
configure:3294: result: yes
configure:3311: checking for arm-linux-androideabi-gcc option to accept ISO C89
configure:3374: arm-linux-androideabi-gcc  -c -std=gnu99 -fPIE -fPIC  conftest.c >&5
configure:3374: $? = 0
configure:3387: result: none needed
configure:3412: checking how to run the C preprocessor
configure:3443: arm-linux-androideabi-gcc -E  conftest.c
configure:3443: $? = 0
configure:3457: arm-linux-androideabi-gcc -E  conftest.c
conftest.c:9:10: fatal error: 'ac_nonexistent.h' file not found
#include <ac_nonexistent.h>
         ^~~~~~~~~~~~~~~~~~
1 error generated.
configure:3457: $? = 1
configure: failed program was:
| /* confdefs.h */
| #define PACKAGE_NAME "FreeType"
| #define PACKAGE_TARNAME "freetype"
| #define PACKAGE_VERSION "2.10"
| #define PACKAGE_STRING "FreeType 2.10"
| #define PACKAGE_BUGREPORT "freetype@nongnu.org"
| #define PACKAGE_URL ""
| /* end confdefs.h.  */
| #include <ac_nonexistent.h>
configure:3482: result: arm-linux-androideabi-gcc -E
configure:3502: arm-linux-androideabi-gcc -E  conftest.c
configure:3502: $? = 0
configure:3516: arm-linux-androideabi-gcc -E  conftest.c
conftest.c:9:10: fatal error: 'ac_nonexistent.h' file not found
#include <ac_nonexistent.h>
         ^~~~~~~~~~~~~~~~~~
1 error generated.
configure:3516: $? = 1
configure: failed program was:
| /* confdefs.h */
| #define PACKAGE_NAME "FreeType"
| #define PACKAGE_TARNAME "freetype"
| #define PACKAGE_VERSION "2.10"
| #define PACKAGE_STRING "FreeType 2.10"
| #define PACKAGE_BUGREPORT "freetype@nongnu.org"
| #define PACKAGE_URL ""
| /* end confdefs.h.  */
| #include <ac_nonexistent.h>
configure:3557: checking for arm-linux-androideabi-pkg-config
configure:3590: result: no
configure:3600: checking for pkg-config
configure:3618: found /usr/bin/pkg-config
configure:3630: result: /usr/bin/pkg-config
configure:3642: WARNING: using cross tools not prefixed with host triplet
configure:3655: checking pkg-config is at least version 0.24
configure:3658: result: yes
configure:3713: checking how to print strings
configure:3740: result: printf
configure:3761: checking for a sed that does not truncate output
configure:3825: result: /usr/bin/sed
configure:3843: checking for grep that handles long lines and -e
configure:3901: result: /usr/bin/grep
configure:3906: checking for egrep
configure:3968: result: /usr/bin/grep -E
configure:3973: checking for fgrep
configure:4035: result: /usr/bin/grep -F
configure:4070: checking for ld used by arm-linux-androideabi-gcc
configure:4137: result: /home/tom/projects/external/android-ndk-16/arm-linux-androideabi/bin/ld
configure:4144: checking if the linker (/home/tom/projects/external/android-ndk-16/arm-linux-androideabi/bin/ld) is GNU ld
configure:4159: result: yes
configure:4171: checking for BSD- or MS-compatible name lister (nm)
configure:4225: result: /home/tom/projects/external/android-ndk-16/bin/arm-linux-androideabi-nm -B
configure:4355: checking the name lister (/home/tom/projects/external/android-ndk-16/bin/arm-linux-androideabi-nm -B) interface
configure:4362: arm-linux-androideabi-gcc -c -std=gnu99 -fPIE -fPIC  conftest.c >&5
configure:4365: /home/tom/projects/external/android-ndk-16/bin/arm-linux-androideabi-nm -B "conftest.o"
configure:4368: output
00000000 B some_variable
configure:4375: result: BSD nm
configure:4378: checking whether ln -s works
configure:4382: result: yes
configure:4390: checking the maximum length of command line arguments
configure:4521: result: 1572864
configure:4569: checking how to convert x86_64-pc-linux-gnu file names to arm-unknown-linux-androideabi format
configure:4609: result: func_convert_file_noop
configure:4616: checking how to convert x86_64-pc-linux-gnu file names to toolchain format
configure:4636: result: func_convert_file_noop
configure:4643: checking for /home/tom/projects/external/android-ndk-16/arm-linux-androideabi/bin/ld option to reload object files
configure:4650: result: -r
configure:4684: checking for arm-linux-androideabi-objdump
configure:4700: found /home/tom/projects/external/android-ndk-16/bin/arm-linux-androideabi-objdump
configure:4711: result: arm-linux-androideabi-objdump
configure:4780: checking how to recognize dependent libraries
configure:4980: result: pass_all
configure:5025: checking for arm-linux-androideabi-dlltool
configure:5055: result: no
configure:5065: checking for dlltool
configure:5095: result: no
configure:5122: checking how to associate runtime and link libraries
configure:5149: result: printf %s\n
configure:5166: checking for arm-linux-androideabi-ar
configure:5182: found /home/tom/projects/external/android-ndk-16/bin/arm-linux-androideabi-ar
configure:5193: result: arm-linux-androideabi-ar
configure:5274: checking for archiver @FILE support
configure:5291: arm-linux-androideabi-gcc -c -std=gnu99 -fPIE -fPIC  conftest.c >&5
configure:5291: $? = 0
configure:5294: arm-linux-androideabi-ar cru libconftest.a @conftest.lst >&5
configure:5297: $? = 0
configure:5302: arm-linux-androideabi-ar cru libconftest.a @conftest.lst >&5
arm-linux-androideabi-ar: conftest.o: No such file or directory
configure:5305: $? = 1
configure:5317: result: @
configure:5335: checking for arm-linux-androideabi-strip
configure:5351: found /home/tom/projects/external/android-ndk-16/bin/arm-linux-androideabi-strip
configure:5362: result: arm-linux-androideabi-strip
configure:5434: checking for arm-linux-androideabi-ranlib
configure:5450: found /home/tom/projects/external/android-ndk-16/bin/arm-linux-androideabi-ranlib
configure:5461: result: arm-linux-androideabi-ranlib
configure:5578: checking for gawk
configure:5594: found /usr/bin/gawk
configure:5605: result: gawk
configure:5645: checking command to parse /home/tom/projects/external/android-ndk-16/bin/arm-linux-androideabi-nm -B output from arm-linux-androideabi-gcc object
configure:5798: arm-linux-androideabi-gcc -c -std=gnu99 -fPIE -fPIC  conftest.c >&5
configure:5801: $? = 0
configure:5805: /home/tom/projects/external/android-ndk-16/bin/arm-linux-androideabi-nm -B conftest.o \| sed -n -e 's/^.*[ ]\([ABCDGIRSTW][ABCDGIRSTW]*\)[ ][ ]*\([_A-Za-z][_A-Za-z0-9]*\)$/\1 \2 \2/p' | sed '/ __gnu_lto/d' \> conftest.nm
configure:5808: $? = 0
configure:5874: arm-linux-androideabi-gcc -o conftest -std=gnu99 -fPIE -fPIC  -pie conftest.c conftstm.o >&5
configure:5877: $? = 0
configure:5915: result: ok
configure:5962: checking for sysroot
configure:5992: result: no
configure:5999: checking for a working dd
configure:6037: result: /usr/bin/dd
configure:6041: checking how to truncate binary pipes
configure:6056: result: /usr/bin/dd bs=4096 count=1
configure:6345: checking for arm-linux-androideabi-mt
configure:6375: result: no
configure:6385: checking for mt
configure:6415: result: no
configure:6435: checking if : is a manifest tool
configure:6441: : '-?'
configure:6449: result: no
configure:7122: checking for ANSI C header files
configure:7142: arm-linux-androideabi-gcc -c -std=gnu99 -fPIE -fPIC  conftest.c >&5
configure:7142: $? = 0
configure:7226: result: yes
configure:7239: checking for sys/types.h
configure:7239: arm-linux-androideabi-gcc -c -std=gnu99 -fPIE -fPIC  conftest.c >&5
configure:7239: $? = 0
configure:7239: result: yes
configure:7239: checking for sys/stat.h
configure:7239: arm-linux-androideabi-gcc -c -std=gnu99 -fPIE -fPIC  conftest.c >&5
configure:7239: $? = 0
configure:7239: result: yes
configure:7239: checking for stdlib.h
configure:7239: arm-linux-androideabi-gcc -c -std=gnu99 -fPIE -fPIC  conftest.c >&5
configure:7239: $? = 0
configure:7239: result: yes
configure:7239: checking for string.h
configure:7239: arm-linux-androideabi-gcc -c -std=gnu99 -fPIE -fPIC  conftest.c >&5
configure:7239: $? = 0
configure:7239: result: yes
configure:7239: checking for memory.h
configure:7239: arm-linux-androideabi-gcc -c -std=gnu99 -fPIE -fPIC  conftest.c >&5
configure:7239: $? = 0
configure:7239: result: yes
configure:7239: checking for strings.h
configure:7239: arm-linux-androideabi-gcc -c -std=gnu99 -fPIE -fPIC  conftest.c >&5
configure:7239: $? = 0
configure:7239: result: yes
configure:7239: checking for inttypes.h
configure:7239: arm-linux-androideabi-gcc -c -std=gnu99 -fPIE -fPIC  conftest.c >&5
configure:7239: $? = 0
configure:7239: result: yes
configure:7239: checking for stdint.h
configure:7239: arm-linux-androideabi-gcc -c -std=gnu99 -fPIE -fPIC  conftest.c >&5
configure:7239: $? = 0
configure:7239: result: yes
configure:7239: checking for unistd.h
configure:7239: arm-linux-androideabi-gcc -c -std=gnu99 -fPIE -fPIC  conftest.c >&5
configure:7239: $? = 0
configure:7239: result: yes
configure:7253: checking for dlfcn.h
configure:7253: arm-linux-androideabi-gcc -c -std=gnu99 -fPIE -fPIC  conftest.c >&5
configure:7253: $? = 0
configure:7253: result: yes
configure:7807: checking for objdir
configure:7822: result: .libs
configure:8082: checking if arm-linux-androideabi-gcc supports -fno-rtti -fno-exceptions
configure:8100: arm-linux-androideabi-gcc -c -std=gnu99 -fPIE -fPIC  -fno-rtti -fno-exceptions conftest.c >&5
configure:8104: $? = 0
configure:8117: result: yes
configure:8475: checking for arm-linux-androideabi-gcc option to produce PIC
configure:8482: result: -fPIC -DPIC
configure:8490: checking if arm-linux-androideabi-gcc PIC flag -fPIC -DPIC works
configure:8508: arm-linux-androideabi-gcc -c -std=gnu99 -fPIE -fPIC  -fPIC -DPIC -DPIC conftest.c >&5
configure:8512: $? = 0
configure:8525: result: yes
configure:8554: checking if arm-linux-androideabi-gcc static flag -static works
clang90: warning: argument unused during compilation: '-pie' [-Wunused-command-line-argument]
configure:8582: result: no
configure:8597: checking if arm-linux-androideabi-gcc supports -c -o file.o
configure:8618: arm-linux-androideabi-gcc -c -std=gnu99 -fPIE -fPIC  -o out/conftest2.o conftest.c >&5
configure:8622: $? = 0
configure:8644: result: yes
configure:8652: checking if arm-linux-androideabi-gcc supports -c -o file.o
configure:8699: result: yes
configure:8732: checking whether the arm-linux-androideabi-gcc linker (/home/tom/projects/external/android-ndk-16/arm-linux-androideabi/bin/ld) supports shared libraries
configure:9991: result: yes
configure:10028: checking whether -lc should be explicitly linked in
configure:10036: arm-linux-androideabi-gcc -c -std=gnu99 -fPIE -fPIC  conftest.c >&5
configure:10039: $? = 0
configure:10054: arm-linux-androideabi-gcc -shared  -fPIC -DPIC conftest.o  -v -Wl,-soname -Wl,conftest -o conftest 2\>\&1 \| /usr/bin/grep  -lc  \>/dev/null 2\>\&1
configure:10057: $? = 0
configure:10071: result: no
configure:10231: checking dynamic linker characteristics
configure:11049: result: Android linker
configure:11171: checking how to hardcode library paths into programs
configure:11196: result: immediate
configure:11744: checking whether stripping libraries is possible
configure:11749: result: yes
configure:11784: checking if libtool supports shared libraries
configure:11786: result: yes
configure:11789: checking whether to build shared libraries
configure:11814: result: yes
configure:11817: checking whether to build static libraries
configure:11821: result: yes
configure:11858: checking windows.h usability
configure:11858: arm-linux-androideabi-gcc -c -std=gnu99 -fPIE -fPIC  conftest.c >&5
conftest.c:54:10: fatal error: 'windows.h' file not found
#include <windows.h>
         ^~~~~~~~~~~
1 error generated.
configure:11858: $? = 1
configure: failed program was:
| /* confdefs.h */
| #define PACKAGE_NAME "FreeType"
| #define PACKAGE_TARNAME "freetype"
| #define PACKAGE_VERSION "2.10"
| #define PACKAGE_STRING "FreeType 2.10"
| #define PACKAGE_BUGREPORT "freetype@nongnu.org"
| #define PACKAGE_URL ""
| #define STDC_HEADERS 1
| #define HAVE_SYS_TYPES_H 1
| #define HAVE_SYS_STAT_H 1
| #define HAVE_STDLIB_H 1
| #define HAVE_STRING_H 1
| #define HAVE_MEMORY_H 1
| #define HAVE_STRINGS_H 1
| #define HAVE_INTTYPES_H 1
| #define HAVE_STDINT_H 1
| #define HAVE_UNISTD_H 1
| #define HAVE_DLFCN_H 1
| #define LT_OBJDIR ".libs/"
| /* end confdefs.h.  */
| #include <stdio.h>
| #ifdef HAVE_SYS_TYPES_H
| # include <sys/types.h>
| #endif
| #ifdef HAVE_SYS_STAT_H
| # include <sys/stat.h>
| #endif
| #ifdef STDC_HEADERS
| # include <stdlib.h>
| # include <stddef.h>
| #else
| # ifdef HAVE_STDLIB_H
| #  include <stdlib.h>
| # endif
| #endif
| #ifdef HAVE_STRING_H
| # if !defined STDC_HEADERS && defined HAVE_MEMORY_H
| #  include <memory.h>
| # endif
| # include <string.h>
| #endif
| #ifdef HAVE_STRINGS_H
| # include <strings.h>
| #endif
| #ifdef HAVE_INTTYPES_H
| # include <inttypes.h>
| #endif
| #ifdef HAVE_STDINT_H
| # include <stdint.h>
| #endif
| #ifdef HAVE_UNISTD_H
| # include <unistd.h>
| #endif
| #include <windows.h>
configure:11858: result: no
configure:11858: checking windows.h presence
configure:11858: arm-linux-androideabi-gcc -E  conftest.c
conftest.c:21:10: fatal error: 'windows.h' file not found
#include <windows.h>
         ^~~~~~~~~~~
1 error generated.
configure:11858: $? = 1
configure: failed program was:
| /* confdefs.h */
| #define PACKAGE_NAME "FreeType"
| #define PACKAGE_TARNAME "freetype"
| #define PACKAGE_VERSION "2.10"
| #define PACKAGE_STRING "FreeType 2.10"
| #define PACKAGE_BUGREPORT "freetype@nongnu.org"
| #define PACKAGE_URL ""
| #define STDC_HEADERS 1
| #define HAVE_SYS_TYPES_H 1
| #define HAVE_SYS_STAT_H 1
| #define HAVE_STDLIB_H 1
| #define HAVE_STRING_H 1
| #define HAVE_MEMORY_H 1
| #define HAVE_STRINGS_H 1
| #define HAVE_INTTYPES_H 1
| #define HAVE_STDINT_H 1
| #define HAVE_UNISTD_H 1
| #define HAVE_DLFCN_H 1
| #define LT_OBJDIR ".libs/"
| /* end confdefs.h.  */
| #include <windows.h>
configure:11858: result: no
configure:11858: checking for windows.h
configure:11858: result: no
configure:12039: checking for x86_64-pc-linux-gnu-gcc
configure:12069: result: no
configure:12076: checking for gcc
configure:12092: found /usr/bin/gcc
configure:12103: result: gcc
configure:12113: checking for gcc
configure:12157: result: gcc
configure:12167: checking for suffix of native executables
configure:12181: result: 
configure:12211: checking for a BSD-compatible install
configure:12279: result: /usr/bin/install -c
configure:12298: checking for a thread-safe mkdir -p
configure:12337: result: /usr/bin/mkdir -p
configure:12351: checking for ANSI C header files
configure:12455: result: yes
configure:12466: checking fcntl.h usability
configure:12466: arm-linux-androideabi-gcc -c -std=gnu99 -fPIE -fPIC  conftest.c >&5
configure:12466: $? = 0
configure:12466: result: yes
configure:12466: checking fcntl.h presence
configure:12466: arm-linux-androideabi-gcc -E  conftest.c
configure:12466: $? = 0
configure:12466: result: yes
configure:12466: checking for fcntl.h
configure:12466: result: yes
configure:12466: checking for unistd.h
configure:12466: result: yes
configure:12480: checking for an ANSI C-conforming const
configure:12546: arm-linux-androideabi-gcc -c -std=gnu99 -fPIE -fPIC  conftest.c >&5
configure:12546: $? = 0
configure:12553: result: yes
configure:12565: checking size of int
configure:12570: arm-linux-androideabi-gcc -c -std=gnu99 -fPIE -fPIC  conftest.c >&5
configure:12570: $? = 0
configure:12570: arm-linux-androideabi-gcc -c -std=gnu99 -fPIE -fPIC  conftest.c >&5
conftest.c:60:24: error: 'test_array' declared as an array with a negative size
static int test_array [1 - 2 * !(((long int) (sizeof (int))) <= 0)];
                       ^~~~~~~~~~~~~~~~~~~~~~~~~~~~~~~~~~~~~~~~~~~
1 error generated.
configure:12570: $? = 1
configure: failed program was:
| /* confdefs.h */
| #define PACKAGE_NAME "FreeType"
| #define PACKAGE_TARNAME "freetype"
| #define PACKAGE_VERSION "2.10"
| #define PACKAGE_STRING "FreeType 2.10"
| #define PACKAGE_BUGREPORT "freetype@nongnu.org"
| #define PACKAGE_URL ""
| #define STDC_HEADERS 1
| #define HAVE_SYS_TYPES_H 1
| #define HAVE_SYS_STAT_H 1
| #define HAVE_STDLIB_H 1
| #define HAVE_STRING_H 1
| #define HAVE_MEMORY_H 1
| #define HAVE_STRINGS_H 1
| #define HAVE_INTTYPES_H 1
| #define HAVE_STDINT_H 1
| #define HAVE_UNISTD_H 1
| #define HAVE_DLFCN_H 1
| #define LT_OBJDIR ".libs/"
| #define STDC_HEADERS 1
| #define HAVE_FCNTL_H 1
| #define HAVE_UNISTD_H 1
| /* end confdefs.h.  */
| #include <stdio.h>
| #ifdef HAVE_SYS_TYPES_H
| # include <sys/types.h>
| #endif
| #ifdef HAVE_SYS_STAT_H
| # include <sys/stat.h>
| #endif
| #ifdef STDC_HEADERS
| # include <stdlib.h>
| # include <stddef.h>
| #else
| # ifdef HAVE_STDLIB_H
| #  include <stdlib.h>
| # endif
| #endif
| #ifdef HAVE_STRING_H
| # if !defined STDC_HEADERS && defined HAVE_MEMORY_H
| #  include <memory.h>
| # endif
| # include <string.h>
| #endif
| #ifdef HAVE_STRINGS_H
| # include <strings.h>
| #endif
| #ifdef HAVE_INTTYPES_H
| # include <inttypes.h>
| #endif
| #ifdef HAVE_STDINT_H
| # include <stdint.h>
| #endif
| #ifdef HAVE_UNISTD_H
| # include <unistd.h>
| #endif
| int
| main ()
| {
| static int test_array [1 - 2 * !(((long int) (sizeof (int))) <= 0)];
| test_array [0] = 0;
| return test_array [0];
| 
|   ;
|   return 0;
| }
configure:12570: arm-linux-androideabi-gcc -c -std=gnu99 -fPIE -fPIC  conftest.c >&5
conftest.c:60:24: error: 'test_array' declared as an array with a negative size
static int test_array [1 - 2 * !(((long int) (sizeof (int))) <= 1)];
                       ^~~~~~~~~~~~~~~~~~~~~~~~~~~~~~~~~~~~~~~~~~~
1 error generated.
configure:12570: $? = 1
configure: failed program was:
| /* confdefs.h */
| #define PACKAGE_NAME "FreeType"
| #define PACKAGE_TARNAME "freetype"
| #define PACKAGE_VERSION "2.10"
| #define PACKAGE_STRING "FreeType 2.10"
| #define PACKAGE_BUGREPORT "freetype@nongnu.org"
| #define PACKAGE_URL ""
| #define STDC_HEADERS 1
| #define HAVE_SYS_TYPES_H 1
| #define HAVE_SYS_STAT_H 1
| #define HAVE_STDLIB_H 1
| #define HAVE_STRING_H 1
| #define HAVE_MEMORY_H 1
| #define HAVE_STRINGS_H 1
| #define HAVE_INTTYPES_H 1
| #define HAVE_STDINT_H 1
| #define HAVE_UNISTD_H 1
| #define HAVE_DLFCN_H 1
| #define LT_OBJDIR ".libs/"
| #define STDC_HEADERS 1
| #define HAVE_FCNTL_H 1
| #define HAVE_UNISTD_H 1
| /* end confdefs.h.  */
| #include <stdio.h>
| #ifdef HAVE_SYS_TYPES_H
| # include <sys/types.h>
| #endif
| #ifdef HAVE_SYS_STAT_H
| # include <sys/stat.h>
| #endif
| #ifdef STDC_HEADERS
| # include <stdlib.h>
| # include <stddef.h>
| #else
| # ifdef HAVE_STDLIB_H
| #  include <stdlib.h>
| # endif
| #endif
| #ifdef HAVE_STRING_H
| # if !defined STDC_HEADERS && defined HAVE_MEMORY_H
| #  include <memory.h>
| # endif
| # include <string.h>
| #endif
| #ifdef HAVE_STRINGS_H
| # include <strings.h>
| #endif
| #ifdef HAVE_INTTYPES_H
| # include <inttypes.h>
| #endif
| #ifdef HAVE_STDINT_H
| # include <stdint.h>
| #endif
| #ifdef HAVE_UNISTD_H
| # include <unistd.h>
| #endif
| int
| main ()
| {
| static int test_array [1 - 2 * !(((long int) (sizeof (int))) <= 1)];
| test_array [0] = 0;
| return test_array [0];
| 
|   ;
|   return 0;
| }
configure:12570: arm-linux-androideabi-gcc -c -std=gnu99 -fPIE -fPIC  conftest.c >&5
conftest.c:60:24: error: 'test_array' declared as an array with a negative size
static int test_array [1 - 2 * !(((long int) (sizeof (int))) <= 3)];
                       ^~~~~~~~~~~~~~~~~~~~~~~~~~~~~~~~~~~~~~~~~~~
1 error generated.
configure:12570: $? = 1
configure: failed program was:
| /* confdefs.h */
| #define PACKAGE_NAME "FreeType"
| #define PACKAGE_TARNAME "freetype"
| #define PACKAGE_VERSION "2.10"
| #define PACKAGE_STRING "FreeType 2.10"
| #define PACKAGE_BUGREPORT "freetype@nongnu.org"
| #define PACKAGE_URL ""
| #define STDC_HEADERS 1
| #define HAVE_SYS_TYPES_H 1
| #define HAVE_SYS_STAT_H 1
| #define HAVE_STDLIB_H 1
| #define HAVE_STRING_H 1
| #define HAVE_MEMORY_H 1
| #define HAVE_STRINGS_H 1
| #define HAVE_INTTYPES_H 1
| #define HAVE_STDINT_H 1
| #define HAVE_UNISTD_H 1
| #define HAVE_DLFCN_H 1
| #define LT_OBJDIR ".libs/"
| #define STDC_HEADERS 1
| #define HAVE_FCNTL_H 1
| #define HAVE_UNISTD_H 1
| /* end confdefs.h.  */
| #include <stdio.h>
| #ifdef HAVE_SYS_TYPES_H
| # include <sys/types.h>
| #endif
| #ifdef HAVE_SYS_STAT_H
| # include <sys/stat.h>
| #endif
| #ifdef STDC_HEADERS
| # include <stdlib.h>
| # include <stddef.h>
| #else
| # ifdef HAVE_STDLIB_H
| #  include <stdlib.h>
| # endif
| #endif
| #ifdef HAVE_STRING_H
| # if !defined STDC_HEADERS && defined HAVE_MEMORY_H
| #  include <memory.h>
| # endif
| # include <string.h>
| #endif
| #ifdef HAVE_STRINGS_H
| # include <strings.h>
| #endif
| #ifdef HAVE_INTTYPES_H
| # include <inttypes.h>
| #endif
| #ifdef HAVE_STDINT_H
| # include <stdint.h>
| #endif
| #ifdef HAVE_UNISTD_H
| # include <unistd.h>
| #endif
| int
| main ()
| {
| static int test_array [1 - 2 * !(((long int) (sizeof (int))) <= 3)];
| test_array [0] = 0;
| return test_array [0];
| 
|   ;
|   return 0;
| }
configure:12570: arm-linux-androideabi-gcc -c -std=gnu99 -fPIE -fPIC  conftest.c >&5
configure:12570: $? = 0
configure:12570: arm-linux-androideabi-gcc -c -std=gnu99 -fPIE -fPIC  conftest.c >&5
configure:12570: $? = 0
configure:12570: arm-linux-androideabi-gcc -c -std=gnu99 -fPIE -fPIC  conftest.c >&5
configure:12570: $? = 0
configure:12584: result: 4
configure:12598: checking size of long
configure:12603: arm-linux-androideabi-gcc -c -std=gnu99 -fPIE -fPIC  conftest.c >&5
configure:12603: $? = 0
configure:12603: arm-linux-androideabi-gcc -c -std=gnu99 -fPIE -fPIC  conftest.c >&5
conftest.c:61:24: error: 'test_array' declared as an array with a negative size
static int test_array [1 - 2 * !(((long int) (sizeof (long))) <= 0)];
                       ^~~~~~~~~~~~~~~~~~~~~~~~~~~~~~~~~~~~~~~~~~~~
1 error generated.
configure:12603: $? = 1
configure: failed program was:
| /* confdefs.h */
| #define PACKAGE_NAME "FreeType"
| #define PACKAGE_TARNAME "freetype"
| #define PACKAGE_VERSION "2.10"
| #define PACKAGE_STRING "FreeType 2.10"
| #define PACKAGE_BUGREPORT "freetype@nongnu.org"
| #define PACKAGE_URL ""
| #define STDC_HEADERS 1
| #define HAVE_SYS_TYPES_H 1
| #define HAVE_SYS_STAT_H 1
| #define HAVE_STDLIB_H 1
| #define HAVE_STRING_H 1
| #define HAVE_MEMORY_H 1
| #define HAVE_STRINGS_H 1
| #define HAVE_INTTYPES_H 1
| #define HAVE_STDINT_H 1
| #define HAVE_UNISTD_H 1
| #define HAVE_DLFCN_H 1
| #define LT_OBJDIR ".libs/"
| #define STDC_HEADERS 1
| #define HAVE_FCNTL_H 1
| #define HAVE_UNISTD_H 1
| #define SIZEOF_INT 4
| /* end confdefs.h.  */
| #include <stdio.h>
| #ifdef HAVE_SYS_TYPES_H
| # include <sys/types.h>
| #endif
| #ifdef HAVE_SYS_STAT_H
| # include <sys/stat.h>
| #endif
| #ifdef STDC_HEADERS
| # include <stdlib.h>
| # include <stddef.h>
| #else
| # ifdef HAVE_STDLIB_H
| #  include <stdlib.h>
| # endif
| #endif
| #ifdef HAVE_STRING_H
| # if !defined STDC_HEADERS && defined HAVE_MEMORY_H
| #  include <memory.h>
| # endif
| # include <string.h>
| #endif
| #ifdef HAVE_STRINGS_H
| # include <strings.h>
| #endif
| #ifdef HAVE_INTTYPES_H
| # include <inttypes.h>
| #endif
| #ifdef HAVE_STDINT_H
| # include <stdint.h>
| #endif
| #ifdef HAVE_UNISTD_H
| # include <unistd.h>
| #endif
| int
| main ()
| {
| static int test_array [1 - 2 * !(((long int) (sizeof (long))) <= 0)];
| test_array [0] = 0;
| return test_array [0];
| 
|   ;
|   return 0;
| }
configure:12603: arm-linux-androideabi-gcc -c -std=gnu99 -fPIE -fPIC  conftest.c >&5
conftest.c:61:24: error: 'test_array' declared as an array with a negative size
static int test_array [1 - 2 * !(((long int) (sizeof (long))) <= 1)];
                       ^~~~~~~~~~~~~~~~~~~~~~~~~~~~~~~~~~~~~~~~~~~~
1 error generated.
configure:12603: $? = 1
configure: failed program was:
| /* confdefs.h */
| #define PACKAGE_NAME "FreeType"
| #define PACKAGE_TARNAME "freetype"
| #define PACKAGE_VERSION "2.10"
| #define PACKAGE_STRING "FreeType 2.10"
| #define PACKAGE_BUGREPORT "freetype@nongnu.org"
| #define PACKAGE_URL ""
| #define STDC_HEADERS 1
| #define HAVE_SYS_TYPES_H 1
| #define HAVE_SYS_STAT_H 1
| #define HAVE_STDLIB_H 1
| #define HAVE_STRING_H 1
| #define HAVE_MEMORY_H 1
| #define HAVE_STRINGS_H 1
| #define HAVE_INTTYPES_H 1
| #define HAVE_STDINT_H 1
| #define HAVE_UNISTD_H 1
| #define HAVE_DLFCN_H 1
| #define LT_OBJDIR ".libs/"
| #define STDC_HEADERS 1
| #define HAVE_FCNTL_H 1
| #define HAVE_UNISTD_H 1
| #define SIZEOF_INT 4
| /* end confdefs.h.  */
| #include <stdio.h>
| #ifdef HAVE_SYS_TYPES_H
| # include <sys/types.h>
| #endif
| #ifdef HAVE_SYS_STAT_H
| # include <sys/stat.h>
| #endif
| #ifdef STDC_HEADERS
| # include <stdlib.h>
| # include <stddef.h>
| #else
| # ifdef HAVE_STDLIB_H
| #  include <stdlib.h>
| # endif
| #endif
| #ifdef HAVE_STRING_H
| # if !defined STDC_HEADERS && defined HAVE_MEMORY_H
| #  include <memory.h>
| # endif
| # include <string.h>
| #endif
| #ifdef HAVE_STRINGS_H
| # include <strings.h>
| #endif
| #ifdef HAVE_INTTYPES_H
| # include <inttypes.h>
| #endif
| #ifdef HAVE_STDINT_H
| # include <stdint.h>
| #endif
| #ifdef HAVE_UNISTD_H
| # include <unistd.h>
| #endif
| int
| main ()
| {
| static int test_array [1 - 2 * !(((long int) (sizeof (long))) <= 1)];
| test_array [0] = 0;
| return test_array [0];
| 
|   ;
|   return 0;
| }
configure:12603: arm-linux-androideabi-gcc -c -std=gnu99 -fPIE -fPIC  conftest.c >&5
conftest.c:61:24: error: 'test_array' declared as an array with a negative size
static int test_array [1 - 2 * !(((long int) (sizeof (long))) <= 3)];
                       ^~~~~~~~~~~~~~~~~~~~~~~~~~~~~~~~~~~~~~~~~~~~
1 error generated.
configure:12603: $? = 1
configure: failed program was:
| /* confdefs.h */
| #define PACKAGE_NAME "FreeType"
| #define PACKAGE_TARNAME "freetype"
| #define PACKAGE_VERSION "2.10"
| #define PACKAGE_STRING "FreeType 2.10"
| #define PACKAGE_BUGREPORT "freetype@nongnu.org"
| #define PACKAGE_URL ""
| #define STDC_HEADERS 1
| #define HAVE_SYS_TYPES_H 1
| #define HAVE_SYS_STAT_H 1
| #define HAVE_STDLIB_H 1
| #define HAVE_STRING_H 1
| #define HAVE_MEMORY_H 1
| #define HAVE_STRINGS_H 1
| #define HAVE_INTTYPES_H 1
| #define HAVE_STDINT_H 1
| #define HAVE_UNISTD_H 1
| #define HAVE_DLFCN_H 1
| #define LT_OBJDIR ".libs/"
| #define STDC_HEADERS 1
| #define HAVE_FCNTL_H 1
| #define HAVE_UNISTD_H 1
| #define SIZEOF_INT 4
| /* end confdefs.h.  */
| #include <stdio.h>
| #ifdef HAVE_SYS_TYPES_H
| # include <sys/types.h>
| #endif
| #ifdef HAVE_SYS_STAT_H
| # include <sys/stat.h>
| #endif
| #ifdef STDC_HEADERS
| # include <stdlib.h>
| # include <stddef.h>
| #else
| # ifdef HAVE_STDLIB_H
| #  include <stdlib.h>
| # endif
| #endif
| #ifdef HAVE_STRING_H
| # if !defined STDC_HEADERS && defined HAVE_MEMORY_H
| #  include <memory.h>
| # endif
| # include <string.h>
| #endif
| #ifdef HAVE_STRINGS_H
| # include <strings.h>
| #endif
| #ifdef HAVE_INTTYPES_H
| # include <inttypes.h>
| #endif
| #ifdef HAVE_STDINT_H
| # include <stdint.h>
| #endif
| #ifdef HAVE_UNISTD_H
| # include <unistd.h>
| #endif
| int
| main ()
| {
| static int test_array [1 - 2 * !(((long int) (sizeof (long))) <= 3)];
| test_array [0] = 0;
| return test_array [0];
| 
|   ;
|   return 0;
| }
configure:12603: arm-linux-androideabi-gcc -c -std=gnu99 -fPIE -fPIC  conftest.c >&5
configure:12603: $? = 0
configure:12603: arm-linux-androideabi-gcc -c -std=gnu99 -fPIE -fPIC  conftest.c >&5
configure:12603: $? = 0
configure:12603: arm-linux-androideabi-gcc -c -std=gnu99 -fPIE -fPIC  conftest.c >&5
configure:12603: $? = 0
configure:12617: result: 4
configure:12628: checking for unsigned long long int
configure:12667: arm-linux-androideabi-gcc -o conftest -std=gnu99 -fPIE -fPIC  -pie conftest.c  >&5
configure:12667: $? = 0
configure:12676: result: yes
configure:12686: checking for long long int
configure:12736: result: yes
configure:12748: checking whether cpp computation of bit length in ftconfig.in works
configure:12803: result: yes
configure:12846: checking for special C compiler options needed for large files
configure:12891: result: no
configure:12897: checking for _FILE_OFFSET_BITS value needed for large files
configure:12922: arm-linux-androideabi-gcc -c -std=gnu99 -fPIE -fPIC  conftest.c >&5
conftest.c:34:23: warning: overflow in expression; result is 2147483647 with type 'long' [-Winteger-overflow]
  int off_t_is_large[(LARGE_OFF_T % 2147483629 == 721
                      ^
conftest.c:33:40: note: expanded from macro 'LARGE_OFF_T'
#define LARGE_OFF_T (((off_t) 1 << 62) - 1 + ((off_t) 1 << 62))
                                       ^
conftest.c:34:22: error: 'off_t_is_large' declared as an array with a negative size
  int off_t_is_large[(LARGE_OFF_T % 2147483629 == 721
                     ^~~~~~~~~~~~~~~~~~~~~~~~~~~~~~~~
1 warning and 1 error generated.
configure:12922: $? = 1
configure: failed program was:
| /* confdefs.h */
| #define PACKAGE_NAME "FreeType"
| #define PACKAGE_TARNAME "freetype"
| #define PACKAGE_VERSION "2.10"
| #define PACKAGE_STRING "FreeType 2.10"
| #define PACKAGE_BUGREPORT "freetype@nongnu.org"
| #define PACKAGE_URL ""
| #define STDC_HEADERS 1
| #define HAVE_SYS_TYPES_H 1
| #define HAVE_SYS_STAT_H 1
| #define HAVE_STDLIB_H 1
| #define HAVE_STRING_H 1
| #define HAVE_MEMORY_H 1
| #define HAVE_STRINGS_H 1
| #define HAVE_INTTYPES_H 1
| #define HAVE_STDINT_H 1
| #define HAVE_UNISTD_H 1
| #define HAVE_DLFCN_H 1
| #define LT_OBJDIR ".libs/"
| #define STDC_HEADERS 1
| #define HAVE_FCNTL_H 1
| #define HAVE_UNISTD_H 1
| #define SIZEOF_INT 4
| #define SIZEOF_LONG 4
| #define HAVE_UNSIGNED_LONG_LONG_INT 1
| #define HAVE_LONG_LONG_INT 1
| /* end confdefs.h.  */
| #include <sys/types.h>
|  /* Check that off_t can represent 2**63 - 1 correctly.
|     We can't simply define LARGE_OFF_T to be 9223372036854775807,
|     since some C++ compilers masquerading as C compilers
|     incorrectly reject 9223372036854775807.  */
| #define LARGE_OFF_T (((off_t) 1 << 62) - 1 + ((off_t) 1 << 62))
|   int off_t_is_large[(LARGE_OFF_T % 2147483629 == 721
| 		       && LARGE_OFF_T % 2147483647 == 1)
| 		      ? 1 : -1];
| int
| main ()
| {
| 
|   ;
|   return 0;
| }
configure:12946: arm-linux-androideabi-gcc -c -std=gnu99 -fPIE -fPIC  conftest.c >&5
configure:12946: $? = 0
configure:12954: result: 64
configure:13056: checking for stdlib.h
configure:13056: result: yes
configure:13056: checking for unistd.h
configure:13056: result: yes
configure:13056: checking for sys/param.h
configure:13056: arm-linux-androideabi-gcc -c -std=gnu99 -fPIE -fPIC  conftest.c >&5
configure:13056: $? = 0
configure:13056: result: yes
configure:13076: checking for getpagesize
configure:13076: arm-linux-androideabi-gcc -o conftest -std=gnu99 -fPIE -fPIC  -pie conftest.c  >&5
/tmp/conftest-b899d4.o:conftest.c:function main: error: undefined reference to 'getpagesize'
clang90: error: linker command failed with exit code 1 (use -v to see invocation)
configure:13076: $? = 1
configure: failed program was:
| /* confdefs.h */
| #define PACKAGE_NAME "FreeType"
| #define PACKAGE_TARNAME "freetype"
| #define PACKAGE_VERSION "2.10"
| #define PACKAGE_STRING "FreeType 2.10"
| #define PACKAGE_BUGREPORT "freetype@nongnu.org"
| #define PACKAGE_URL ""
| #define STDC_HEADERS 1
| #define HAVE_SYS_TYPES_H 1
| #define HAVE_SYS_STAT_H 1
| #define HAVE_STDLIB_H 1
| #define HAVE_STRING_H 1
| #define HAVE_MEMORY_H 1
| #define HAVE_STRINGS_H 1
| #define HAVE_INTTYPES_H 1
| #define HAVE_STDINT_H 1
| #define HAVE_UNISTD_H 1
| #define HAVE_DLFCN_H 1
| #define LT_OBJDIR ".libs/"
| #define STDC_HEADERS 1
| #define HAVE_FCNTL_H 1
| #define HAVE_UNISTD_H 1
| #define SIZEOF_INT 4
| #define SIZEOF_LONG 4
| #define HAVE_UNSIGNED_LONG_LONG_INT 1
| #define HAVE_LONG_LONG_INT 1
| #define _FILE_OFFSET_BITS 64
| #define HAVE_STDLIB_H 1
| #define HAVE_UNISTD_H 1
| #define HAVE_SYS_PARAM_H 1
| /* end confdefs.h.  */
| /* Define getpagesize to an innocuous variant, in case <limits.h> declares getpagesize.
|    For example, HP-UX 11i <limits.h> declares gettimeofday.  */
| #define getpagesize innocuous_getpagesize
| 
| /* System header to define __stub macros and hopefully few prototypes,
|     which can conflict with char getpagesize (); below.
|     Prefer <limits.h> to <assert.h> if __STDC__ is defined, since
|     <limits.h> exists even on freestanding compilers.  */
| 
| #ifdef __STDC__
| # include <limits.h>
| #else
| # include <assert.h>
| #endif
| 
| #undef getpagesize
| 
| /* Override any GCC internal prototype to avoid an error.
|    Use char because int might match the return type of a GCC
|    builtin and then its argument prototype would still apply.  */
| #ifdef __cplusplus
| extern "C"
| #endif
| char getpagesize ();
| /* The GNU C library defines this for functions which it implements
|     to always fail with ENOSYS.  Some functions are actually named
|     something starting with __ and the normal name is an alias.  */
| #if defined __stub_getpagesize || defined __stub___getpagesize
| choke me
| #endif
| 
| int
| main ()
| {
| return getpagesize ();
|   ;
|   return 0;
| }
configure:13076: result: no
configure:13085: checking for working mmap
configure:13242: result: no
configure:13310: checking for memcpy
configure:13310: arm-linux-androideabi-gcc -o conftest -std=gnu99 -fPIE -fPIC  -pie conftest.c  >&5
conftest.c:55:6: warning: incompatible redeclaration of library function 'memcpy' [-Wincompatible-library-redeclaration]
char memcpy ();
     ^
conftest.c:55:6: note: 'memcpy' is a builtin with type 'void *(void *, const void *, unsigned int)'
1 warning generated.
configure:13310: $? = 0
configure:13310: result: yes
configure:13310: checking for memmove
configure:13310: arm-linux-androideabi-gcc -o conftest -std=gnu99 -fPIE -fPIC  -pie conftest.c  >&5
conftest.c:56:6: warning: incompatible redeclaration of library function 'memmove' [-Wincompatible-library-redeclaration]
char memmove ();
     ^
conftest.c:56:6: note: 'memmove' is a builtin with type 'void *(void *, const void *, unsigned int)'
1 warning generated.
configure:13310: $? = 0
configure:13310: result: yes
configure:13362: checking gcc compiler flag -pedantic to assure ANSI C works correctly
configure:13389: arm-linux-androideabi-gcc -c -std=gnu99 -fPIE -fPIC  -pedantic  conftest.c >&5
configure:13389: $? = 0
configure:13390: result: ok, adding to XX_ANSIFLAGS
configure:13362: checking gcc compiler flag -ansi to assure ANSI C works correctly
configure:13389: arm-linux-androideabi-gcc -c -std=gnu99 -fPIE -fPIC  -pedantic -ansi  conftest.c >&5
configure:13389: $? = 0
configure:13390: result: ok, adding to XX_ANSIFLAGS
configure:13424: checking for -fvisibility=hidden compiler flag
configure:13439: arm-linux-androideabi-gcc -o conftest -std=gnu99 -fPIE -fPIC -fvisibility=hidden  -pie conftest.c  >&5
configure:13439: $? = 0
configure:13441: result: yes
configure:14104: checking for library containing clock_gettime
configure:14135: arm-linux-androideabi-gcc -o conftest -std=gnu99 -fPIE -fPIC -fvisibility=hidden  -pie conftest.c  >&5
configure:14135: $? = 0
configure:14152: result: none required
configure:14747: checking for python3
configure:14763: found /usr/bin/python3
configure:14774: result: python3
configure:14792: checking for pip3
configure:14808: found /usr/bin/pip3
configure:14819: result: pip3
configure:14833: checking for `docwriter' Python module
configure:14841: result: no
configure:15089: creating ./config.status

## ---------------------- ##
## Running config.status. ##
## ---------------------- ##

This file was extended by FreeType config.status 2.10, which was
generated by GNU Autoconf 2.69.  Invocation command line was

  CONFIG_FILES    = 
  CONFIG_HEADERS  = 
  CONFIG_LINKS    = 
  CONFIG_COMMANDS = 
  $ ./config.status 

on localhost.localdomain

config.status:1138: creating ftoption.h
config.status:1138: creating unix-cc.mk
config.status:1138: creating unix-def.mk
config.status:1138: creating ftconfig.h
config.status:1333: executing libtool commands
configure:17338:

Library configuration:
  external zlib: no
  bzip2:         no
  libpng:        no
  harfbuzz:      no

configure:17356:
  Warning: `make refdoc' will fail since pip package `docwriter' is not
  installed.  To install, run `pip3 install docwriter', or to use a python
  virtual environment, run `make refdoc-venv' (requires pip package
  `virtualenv').
  

## ---------------- ##
## Cache variables. ##
## ---------------- ##

ac_cv_build=x86_64-pc-linux-gnu
ac_cv_c_compiler_gnu=yes
ac_cv_c_const=yes
ac_cv_env_BZIP2_CFLAGS_set=
ac_cv_env_BZIP2_CFLAGS_value=
ac_cv_env_BZIP2_LIBS_set=
ac_cv_env_BZIP2_LIBS_value=
ac_cv_env_CC_set=
ac_cv_env_CC_value=
ac_cv_env_CFLAGS_set=set
ac_cv_env_CFLAGS_value='-std=gnu99 -fPIE -fPIC'
ac_cv_env_CPPFLAGS_set=
ac_cv_env_CPPFLAGS_value=
ac_cv_env_CPP_set=
ac_cv_env_CPP_value=
ac_cv_env_HARFBUZZ_CFLAGS_set=
ac_cv_env_HARFBUZZ_CFLAGS_value=
ac_cv_env_HARFBUZZ_LIBS_set=
ac_cv_env_HARFBUZZ_LIBS_value=
ac_cv_env_LDFLAGS_set=set
ac_cv_env_LDFLAGS_value=-pie
ac_cv_env_LIBPNG_CFLAGS_set=
ac_cv_env_LIBPNG_CFLAGS_value=
ac_cv_env_LIBPNG_LIBS_set=
ac_cv_env_LIBPNG_LIBS_value=
ac_cv_env_LIBS_set=
ac_cv_env_LIBS_value=
ac_cv_env_LT_SYS_LIBRARY_PATH_set=
ac_cv_env_LT_SYS_LIBRARY_PATH_value=
ac_cv_env_PKG_CONFIG_LIBDIR_set=
ac_cv_env_PKG_CONFIG_LIBDIR_value=
ac_cv_env_PKG_CONFIG_PATH_set=
ac_cv_env_PKG_CONFIG_PATH_value=
ac_cv_env_PKG_CONFIG_set=
ac_cv_env_PKG_CONFIG_value=
ac_cv_env_ZLIB_CFLAGS_set=
ac_cv_env_ZLIB_CFLAGS_value=
ac_cv_env_ZLIB_LIBS_set=
ac_cv_env_ZLIB_LIBS_value=
ac_cv_env_build_alias_set=
ac_cv_env_build_alias_value=
ac_cv_env_host_alias_set=set
ac_cv_env_host_alias_value=arm-linux-androideabi
ac_cv_env_target_alias_set=
ac_cv_env_target_alias_value=
ac_cv_func_getpagesize=no
ac_cv_func_memcpy=yes
ac_cv_func_memmove=yes
ac_cv_func_mmap_fixed_mapped=no
ac_cv_header_dlfcn_h=yes
ac_cv_header_fcntl_h=yes
ac_cv_header_inttypes_h=yes
ac_cv_header_memory_h=yes
ac_cv_header_stdc=yes
ac_cv_header_stdint_h=yes
ac_cv_header_stdlib_h=yes
ac_cv_header_string_h=yes
ac_cv_header_strings_h=yes
ac_cv_header_sys_param_h=yes
ac_cv_header_sys_stat_h=yes
ac_cv_header_sys_types_h=yes
ac_cv_header_unistd_h=yes
ac_cv_header_windows_h=no
ac_cv_host=arm-unknown-linux-androideabi
ac_cv_objext=o
ac_cv_path_EGREP='/usr/bin/grep -E'
ac_cv_path_FGREP='/usr/bin/grep -F'
ac_cv_path_GREP=/usr/bin/grep
ac_cv_path_SED=/usr/bin/sed
ac_cv_path_ac_pt_PKG_CONFIG=/usr/bin/pkg-config
ac_cv_path_install='/usr/bin/install -c'
ac_cv_path_lt_DD=/usr/bin/dd
ac_cv_path_mkdir=/usr/bin/mkdir
ac_cv_prog_AR=arm-linux-androideabi-ar
ac_cv_prog_AWK=gawk
ac_cv_prog_CC=arm-linux-androideabi-gcc
ac_cv_prog_CC_BUILD=gcc
ac_cv_prog_CPP='arm-linux-androideabi-gcc -E'
ac_cv_prog_OBJDUMP=arm-linux-androideabi-objdump
ac_cv_prog_PIP=pip3
ac_cv_prog_PYTHON=python3
ac_cv_prog_RANLIB=arm-linux-androideabi-ranlib
ac_cv_prog_STRIP=arm-linux-androideabi-strip
ac_cv_prog_cc_c89=
ac_cv_prog_cc_g=yes
ac_cv_search_clock_gettime='none required'
ac_cv_sizeof_int=4
ac_cv_sizeof_long=4
ac_cv_sys_file_offset_bits=64
ac_cv_sys_largefile_CC=no
ac_cv_type_long_long_int=yes
ac_cv_type_unsigned_long_long_int=yes
lt_cv_ar_at_file=@
lt_cv_archive_cmds_need_lc=no
lt_cv_deplibs_check_method=pass_all
lt_cv_file_magic_cmd='$MAGIC_CMD'
lt_cv_file_magic_test_file=
lt_cv_ld_reload_flag=-r
lt_cv_nm_interface='BSD nm'
lt_cv_objdir=.libs
lt_cv_path_LD=/home/tom/projects/external/android-ndk-16/arm-linux-androideabi/bin/ld
lt_cv_path_NM='/home/tom/projects/external/android-ndk-16/bin/arm-linux-androideabi-nm -B'
lt_cv_path_mainfest_tool=no
lt_cv_prog_compiler_c_o=yes
lt_cv_prog_compiler_pic='-fPIC -DPIC'
lt_cv_prog_compiler_pic_works=yes
lt_cv_prog_compiler_rtti_exceptions=yes
lt_cv_prog_compiler_static_works=no
lt_cv_prog_gnu_ld=yes
lt_cv_sharedlib_from_linklib_cmd='printf %s\n'
lt_cv_sys_global_symbol_pipe='sed -n -e '\''s/^.*[	 ]\([ABCDGIRSTW][ABCDGIRSTW]*\)[	 ][	 ]*\([_A-Za-z][_A-Za-z0-9]*\)$/\1 \2 \2/p'\'' | sed '\''/ __gnu_lto/d'\'''
lt_cv_sys_global_symbol_to_c_name_address='sed -n -e '\''s/^: \(.*\) .*$/  {"\1", (void *) 0},/p'\'' -e '\''s/^[ABCDGIRSTW][ABCDGIRSTW]* .* \(.*\)$/  {"\1", (void *) \&\1},/p'\'''
lt_cv_sys_global_symbol_to_c_name_address_lib_prefix='sed -n -e '\''s/^: \(.*\) .*$/  {"\1", (void *) 0},/p'\'' -e '\''s/^[ABCDGIRSTW][ABCDGIRSTW]* .* \(lib.*\)$/  {"\1", (void *) \&\1},/p'\'' -e '\''s/^[ABCDGIRSTW][ABCDGIRSTW]* .* \(.*\)$/  {"lib\1", (void *) \&\1},/p'\'''
lt_cv_sys_global_symbol_to_cdecl='sed -n -e '\''s/^T .* \(.*\)$/extern int \1();/p'\'' -e '\''s/^[ABCDGIRSTW][ABCDGIRSTW]* .* \(.*\)$/extern char \1;/p'\'''
lt_cv_sys_global_symbol_to_import=
lt_cv_sys_max_cmd_len=1572864
lt_cv_to_host_file_cmd=func_convert_file_noop
lt_cv_to_tool_file_cmd=func_convert_file_noop
lt_cv_truncate_bin='/usr/bin/dd bs=4096 count=1'

## ----------------- ##
## Output variables. ##
## ----------------- ##

AR='arm-linux-androideabi-ar'
AS='as'
AWK='gawk'
BZIP2_CFLAGS=''
BZIP2_LIBS=''
CC='arm-linux-androideabi-gcc'
CC_BUILD='gcc'
CFLAGS='-std=gnu99 -fPIE -fPIC -fvisibility=hidden'
CPP='arm-linux-androideabi-gcc -E'
CPPFLAGS=''
DEFS='-DHAVE_CONFIG_H'
DLLTOOL='false'
DSYMUTIL=''
DUMPBIN=''
ECHO_C=''
ECHO_N='-n'
ECHO_T=''
EGREP='/usr/bin/grep -E'
EXEEXT=''
EXEEXT_BUILD=''
FGREP='/usr/bin/grep -F'
FTSYS_SRC='$(BASE_DIR)/ftsystem.c'
GREP='/usr/bin/grep'
HARFBUZZ_CFLAGS=''
HARFBUZZ_LIBS=''
INSTALL_DATA='${INSTALL} -m 644'
INSTALL_FT2_CONFIG='FALSE'
INSTALL_PROGRAM='${INSTALL}'
INSTALL_SCRIPT='${INSTALL}'
LD='/home/tom/projects/external/android-ndk-16/arm-linux-androideabi/bin/ld'
LDFLAGS='-pie'
LIBOBJS=''
LIBPNG_CFLAGS=''
LIBPNG_LIBS=''
LIBS=''
LIBSSTATIC_CONFIG='-lfreetype'
LIBS_PRIVATE=''
LIBTOOL='$(SHELL) $(top_builddir)/libtool'
LIB_CLOCK_GETTIME=''
LIPO=''
LN_S='ln -s'
LTLIBOBJS=''
LT_SYS_LIBRARY_PATH=''
MANIFEST_TOOL=':'
MKDIR_P='/usr/bin/mkdir -p'
NM='/home/tom/projects/external/android-ndk-16/bin/arm-linux-androideabi-nm -B'
NMEDIT=''
OBJDUMP='arm-linux-androideabi-objdump'
OBJEXT='o'
OTOOL64=''
OTOOL=''
PACKAGE_BUGREPORT='freetype@nongnu.org'
PACKAGE_NAME='FreeType'
PACKAGE_STRING='FreeType 2.10'
PACKAGE_TARNAME='freetype'
PACKAGE_URL=''
PACKAGE_VERSION='2.10'
PATH_SEPARATOR=':'
PIP='pip3'
PKG_CONFIG='/usr/bin/pkg-config'
PKG_CONFIG_LIBDIR=''
PKG_CONFIG_PATH=''
PYTHON='python3'
RANLIB='arm-linux-androideabi-ranlib'
RC=''
REQUIRES_PRIVATE=''
SED='/usr/bin/sed'
SHELL='/bin/sh'
STRIP='arm-linux-androideabi-strip'
XX_ANSIFLAGS=' -pedantic -ansi'
XX_CFLAGS='-Wall'
ZLIB_CFLAGS=''
ZLIB_LIBS=''
ac_ct_AR=''
ac_ct_CC=''
ac_ct_DUMPBIN=''
bindir='${exec_prefix}/bin'
build='x86_64-pc-linux-gnu'
build_alias=''
build_cpu='x86_64'
build_libtool_libs=''
build_os='linux-gnu'
build_vendor='pc'
datadir='${datarootdir}'
datarootdir='${prefix}/share'
docdir='${datarootdir}/doc/${PACKAGE_TARNAME}'
dvidir='${docdir}'
exec_prefix='${prefix}'
ft_version='23.0.17'
ftmac_c=''
hardcode_libdir_flag_spec='-L$libdir'
host='arm-unknown-linux-androideabi'
host_alias='arm-linux-androideabi'
host_cpu='arm'
host_os='linux-androideabi'
host_vendor='unknown'
htmldir='${docdir}'
includedir='${prefix}/include'
infodir='${datarootdir}/info'
libdir='${exec_prefix}/lib'
libexecdir='${exec_prefix}/libexec'
localedir='${datarootdir}/locale'
localstatedir='${prefix}/var'
mandir='${datarootdir}/man'
oldincludedir='/usr/include'
pdfdir='${docdir}'
prefix='/freetype'
program_transform_name='s,x,x,'
psdir='${docdir}'
sbindir='${exec_prefix}/sbin'
sharedstatedir='${prefix}/com'
sysconfdir='${prefix}/etc'
target_alias=''
version_info='23:0:17'
wl='-Wl,'

## ----------- ##
## confdefs.h. ##
## ----------- ##

/* confdefs.h */
#define PACKAGE_NAME "FreeType"
#define PACKAGE_TARNAME "freetype"
#define PACKAGE_VERSION "2.10"
#define PACKAGE_STRING "FreeType 2.10"
#define PACKAGE_BUGREPORT "freetype@nongnu.org"
#define PACKAGE_URL ""
#define STDC_HEADERS 1
#define HAVE_SYS_TYPES_H 1
#define HAVE_SYS_STAT_H 1
#define HAVE_STDLIB_H 1
#define HAVE_STRING_H 1
#define HAVE_MEMORY_H 1
#define HAVE_STRINGS_H 1
#define HAVE_INTTYPES_H 1
#define HAVE_STDINT_H 1
#define HAVE_UNISTD_H 1
#define HAVE_DLFCN_H 1
#define LT_OBJDIR ".libs/"
#define STDC_HEADERS 1
#define HAVE_FCNTL_H 1
#define HAVE_UNISTD_H 1
#define SIZEOF_INT 4
#define SIZEOF_LONG 4
#define HAVE_UNSIGNED_LONG_LONG_INT 1
#define HAVE_LONG_LONG_INT 1
#define _FILE_OFFSET_BITS 64
#define HAVE_STDLIB_H 1
#define HAVE_UNISTD_H 1
#define HAVE_SYS_PARAM_H 1
#define HAVE_MEMCPY 1
#define HAVE_MEMMOVE 1

configure: exit 0
